{"/mnt/d/git/suu/SwitchBotController/src/api/apiClient.ts": {"path":"/mnt/d/git/suu/SwitchBotController/src/api/apiClient.ts","statementMap":{"0":{"start":{"line":26,"column":33},"end":{"line":26,"column":37}},"1":{"start":{"line":27,"column":34},"end":{"line":27,"column":38}},"2":{"start":{"line":35,"column":4},"end":{"line":35,"column":23}},"3":{"start":{"line":36,"column":4},"end":{"line":36,"column":25}},"4":{"start":{"line":40,"column":4},"end":{"line":40,"column":41}},"5":{"start":{"line":44,"column":4},"end":{"line":46,"column":5}},"6":{"start":{"line":45,"column":6},"end":{"line":45,"column":82}},"7":{"start":{"line":48,"column":4},"end":{"line":64,"column":5}},"8":{"start":{"line":50,"column":23},"end":{"line":50,"column":64}},"9":{"start":{"line":52,"column":6},"end":{"line":54,"column":7}},"10":{"start":{"line":53,"column":8},"end":{"line":53,"column":67}},"11":{"start":{"line":56,"column":6},"end":{"line":60,"column":7}},"12":{"start":{"line":57,"column":8},"end":{"line":57,"column":60}},"13":{"start":{"line":59,"column":8},"end":{"line":59,"column":106}},"14":{"start":{"line":62,"column":6},"end":{"line":62,"column":53}},"15":{"start":{"line":63,"column":6},"end":{"line":63,"column":93}},"16":{"start":{"line":68,"column":4},"end":{"line":70,"column":5}},"17":{"start":{"line":69,"column":6},"end":{"line":69,"column":55}},"18":{"start":{"line":72,"column":4},"end":{"line":88,"column":5}},"19":{"start":{"line":74,"column":23},"end":{"line":74,"column":77}},"20":{"start":{"line":76,"column":6},"end":{"line":78,"column":7}},"21":{"start":{"line":77,"column":8},"end":{"line":77,"column":89}},"22":{"start":{"line":80,"column":6},"end":{"line":84,"column":7}},"23":{"start":{"line":81,"column":8},"end":{"line":81,"column":62}},"24":{"start":{"line":83,"column":8},"end":{"line":83,"column":106}},"25":{"start":{"line":86,"column":6},"end":{"line":86,"column":75}},"26":{"start":{"line":87,"column":6},"end":{"line":87,"column":115}},"27":{"start":{"line":92,"column":4},"end":{"line":94,"column":5}},"28":{"start":{"line":93,"column":6},"end":{"line":93,"column":55}},"29":{"start":{"line":96,"column":4},"end":{"line":113,"column":5}},"30":{"start":{"line":98,"column":23},"end":{"line":98,"column":93}},"31":{"start":{"line":100,"column":6},"end":{"line":102,"column":7}},"32":{"start":{"line":101,"column":8},"end":{"line":101,"column":90}},"33":{"start":{"line":105,"column":6},"end":{"line":109,"column":7}},"34":{"start":{"line":106,"column":8},"end":{"line":106,"column":52}},"35":{"start":{"line":108,"column":8},"end":{"line":108,"column":114}},"36":{"start":{"line":111,"column":6},"end":{"line":111,"column":75}},"37":{"start":{"line":112,"column":6},"end":{"line":112,"column":115}},"38":{"start":{"line":119,"column":4},"end":{"line":119,"column":39}},"39":{"start":{"line":120,"column":4},"end":{"line":120,"column":74}},"40":{"start":{"line":25,"column":0},"end":{"line":25,"column":13}},"41":{"start":{"line":124,"column":13},"end":{"line":124,"column":47}}},"fnMap":{"0":{"name":"(anonymous_0)","decl":{"start":{"line":29,"column":2},"end":{"line":29,"column":null}},"loc":{"start":{"line":29,"column":2},"end":{"line":32,"column":3}}},"1":{"name":"(anonymous_1)","decl":{"start":{"line":34,"column":2},"end":{"line":34,"column":16}},"loc":{"start":{"line":34,"column":46},"end":{"line":37,"column":3}}},"2":{"name":"(anonymous_2)","decl":{"start":{"line":39,"column":2},"end":{"line":39,"column":14}},"loc":{"start":{"line":39,"column":14},"end":{"line":41,"column":3}}},"3":{"name":"(anonymous_3)","decl":{"start":{"line":43,"column":2},"end":{"line":43,"column":7}},"loc":{"start":{"line":43,"column":18},"end":{"line":65,"column":3}}},"4":{"name":"(anonymous_4)","decl":{"start":{"line":67,"column":2},"end":{"line":67,"column":7}},"loc":{"start":{"line":67,"column":40},"end":{"line":89,"column":3}}},"5":{"name":"(anonymous_5)","decl":{"start":{"line":91,"column":2},"end":{"line":91,"column":7}},"loc":{"start":{"line":91,"column":81},"end":{"line":114,"column":3}}},"6":{"name":"(anonymous_6)","decl":{"start":{"line":118,"column":10},"end":{"line":118,"column":24}},"loc":{"start":{"line":118,"column":35},"end":{"line":121,"column":3}}}},"branchMap":{"0":{"loc":{"start":{"line":40,"column":11},"end":{"line":40,"column":40}},"type":"binary-expr","locations":[{"start":{"line":40,"column":11},"end":{"line":40,"column":23}},{"start":{"line":40,"column":27},"end":{"line":40,"column":40}}]},"1":{"loc":{"start":{"line":44,"column":4},"end":{"line":46,"column":5}},"type":"if","locations":[{"start":{"line":44,"column":4},"end":{"line":46,"column":5}}]},"2":{"loc":{"start":{"line":52,"column":6},"end":{"line":54,"column":7}},"type":"if","locations":[{"start":{"line":52,"column":6},"end":{"line":54,"column":7}}]},"3":{"loc":{"start":{"line":53,"column":24},"end":{"line":53,"column":65}},"type":"binary-expr","locations":[{"start":{"line":53,"column":24},"end":{"line":53,"column":38}},{"start":{"line":53,"column":42},"end":{"line":53,"column":65}}]},"4":{"loc":{"start":{"line":56,"column":6},"end":{"line":60,"column":7}},"type":"if","locations":[{"start":{"line":56,"column":6},"end":{"line":60,"column":7}},{"start":{"line":58,"column":13},"end":{"line":60,"column":7}}]},"5":{"loc":{"start":{"line":63,"column":22},"end":{"line":63,"column":91}},"type":"binary-expr","locations":[{"start":{"line":63,"column":22},"end":{"line":63,"column":35}},{"start":{"line":63,"column":39},"end":{"line":63,"column":91}}]},"6":{"loc":{"start":{"line":68,"column":4},"end":{"line":70,"column":5}},"type":"if","locations":[{"start":{"line":68,"column":4},"end":{"line":70,"column":5}}]},"7":{"loc":{"start":{"line":76,"column":6},"end":{"line":78,"column":7}},"type":"if","locations":[{"start":{"line":76,"column":6},"end":{"line":78,"column":7}}]},"8":{"loc":{"start":{"line":77,"column":24},"end":{"line":77,"column":87}},"type":"binary-expr","locations":[{"start":{"line":77,"column":24},"end":{"line":77,"column":38}},{"start":{"line":77,"column":42},"end":{"line":77,"column":87}}]},"9":{"loc":{"start":{"line":80,"column":6},"end":{"line":84,"column":7}},"type":"if","locations":[{"start":{"line":80,"column":6},"end":{"line":84,"column":7}},{"start":{"line":82,"column":13},"end":{"line":84,"column":7}}]},"10":{"loc":{"start":{"line":87,"column":22},"end":{"line":87,"column":113}},"type":"binary-expr","locations":[{"start":{"line":87,"column":22},"end":{"line":87,"column":35}},{"start":{"line":87,"column":39},"end":{"line":87,"column":113}}]},"11":{"loc":{"start":{"line":91,"column":55},"end":{"line":91,"column":81}},"type":"default-arg","locations":[{"start":{"line":91,"column":72},"end":{"line":91,"column":81}}]},"12":{"loc":{"start":{"line":92,"column":4},"end":{"line":94,"column":5}},"type":"if","locations":[{"start":{"line":92,"column":4},"end":{"line":94,"column":5}}]},"13":{"loc":{"start":{"line":100,"column":6},"end":{"line":102,"column":7}},"type":"if","locations":[{"start":{"line":100,"column":6},"end":{"line":102,"column":7}}]},"14":{"loc":{"start":{"line":101,"column":24},"end":{"line":101,"column":88}},"type":"binary-expr","locations":[{"start":{"line":101,"column":24},"end":{"line":101,"column":38}},{"start":{"line":101,"column":42},"end":{"line":101,"column":88}}]},"15":{"loc":{"start":{"line":105,"column":6},"end":{"line":109,"column":7}},"type":"if","locations":[{"start":{"line":105,"column":6},"end":{"line":109,"column":7}},{"start":{"line":107,"column":13},"end":{"line":109,"column":7}}]},"16":{"loc":{"start":{"line":112,"column":22},"end":{"line":112,"column":113}},"type":"binary-expr","locations":[{"start":{"line":112,"column":22},"end":{"line":112,"column":35}},{"start":{"line":112,"column":39},"end":{"line":112,"column":113}}]},"17":{"loc":{"start":{"line":120,"column":20},"end":{"line":120,"column":72}},"type":"binary-expr","locations":[{"start":{"line":120,"column":20},"end":{"line":120,"column":33}},{"start":{"line":120,"column":37},"end":{"line":120,"column":72}}]}},"s":{"0":2,"1":2,"2":0,"3":0,"4":0,"5":0,"6":0,"7":0,"8":0,"9":0,"10":0,"11":0,"12":0,"13":0,"14":0,"15":0,"16":0,"17":0,"18":0,"19":0,"20":0,"21":0,"22":0,"23":0,"24":0,"25":0,"26":0,"27":0,"28":0,"29":0,"30":0,"31":0,"32":0,"33":0,"34":0,"35":0,"36":0,"37":0,"38":0,"39":0,"40":2,"41":2},"f":{"0":2,"1":0,"2":0,"3":0,"4":0,"5":0,"6":0},"b":{"0":[0,0],"1":[0],"2":[0],"3":[0,0],"4":[0,0],"5":[0,0],"6":[0],"7":[0],"8":[0,0],"9":[0,0],"10":[0,0],"11":[0],"12":[0],"13":[0],"14":[0,0],"15":[0,0],"16":[0,0],"17":[0,0]}}
,"/mnt/d/git/suu/SwitchBotController/src/renderer/src/components/SettingsScreen.tsx": {"path":"/mnt/d/git/suu/SwitchBotController/src/renderer/src/components/SettingsScreen.tsx","statementMap":{"0":{"start":{"line":1,"column":0},"end":{"line":1,"column":51}},"1":{"start":{"line":2,"column":0},"end":{"line":2,"column":55}},"2":{"start":{"line":3,"column":0},"end":{"line":3,"column":50}},"3":{"start":{"line":4,"column":0},"end":{"line":4,"column":48}},"4":{"start":{"line":5,"column":0},"end":{"line":5,"column":48}},"5":{"start":{"line":6,"column":0},"end":{"line":6,"column":42}},"6":{"start":{"line":7,"column":0},"end":{"line":7,"column":36}},"7":{"start":{"line":8,"column":0},"end":{"line":8,"column":62}},"8":{"start":{"line":9,"column":0},"end":{"line":9,"column":40}},"9":{"start":{"line":12,"column":0},"end":{"line":12,"column":null}},"10":{"start":{"line":23,"column":40},"end":{"line":128,"column":1}},"11":{"start":{"line":24,"column":32},"end":{"line":24,"column":45}},"12":{"start":{"line":26,"column":22},"end":{"line":26,"column":49}},"13":{"start":{"line":27,"column":23},"end":{"line":27,"column":51}},"14":{"start":{"line":28,"column":32},"end":{"line":28,"column":67}},"15":{"start":{"line":29,"column":24},"end":{"line":29,"column":60}},"16":{"start":{"line":31,"column":38},"end":{"line":31,"column":65}},"17":{"start":{"line":32,"column":40},"end":{"line":32,"column":68}},"18":{"start":{"line":33,"column":36},"end":{"line":33,"column":51}},"19":{"start":{"line":35,"column":2},"end":{"line":38,"column":17}},"20":{"start":{"line":37,"column":4},"end":{"line":37,"column":35}},"21":{"start":{"line":40,"column":2},"end":{"line":44,"column":34}},"22":{"start":{"line":42,"column":4},"end":{"line":42,"column":37}},"23":{"start":{"line":43,"column":4},"end":{"line":43,"column":39}},"24":{"start":{"line":46,"column":21},"end":{"line":54,"column":3}},"25":{"start":{"line":47,"column":4},"end":{"line":50,"column":5}},"26":{"start":{"line":48,"column":6},"end":{"line":48,"column":104}},"27":{"start":{"line":49,"column":6},"end":{"line":49,"column":13}},"28":{"start":{"line":51,"column":4},"end":{"line":51,"column":23}},"29":{"start":{"line":52,"column":4},"end":{"line":52,"column":83}},"30":{"start":{"line":53,"column":4},"end":{"line":53,"column":24}},"31":{"start":{"line":56,"column":21},"end":{"line":60,"column":3}},"32":{"start":{"line":57,"column":4},"end":{"line":57,"column":23}},"33":{"start":{"line":58,"column":4},"end":{"line":58,"column":41}},"34":{"start":{"line":59,"column":4},"end":{"line":59,"column":24}},"35":{"start":{"line":62,"column":22},"end":{"line":66,"column":3}},"36":{"start":{"line":63,"column":4},"end":{"line":63,"column":36}},"37":{"start":{"line":64,"column":4},"end":{"line":64,"column":22}},"38":{"start":{"line":65,"column":4},"end":{"line":65,"column":23}},"39":{"start":{"line":68,"column":2},"end":{"line":127,"column":4}},"40":{"start":{"line":78,"column":27},"end":{"line":78,"column":56}},"41":{"start":{"line":87,"column":27},"end":{"line":87,"column":57}},"42":{"start":{"line":23,"column":13},"end":{"line":23,"column":40}}},"fnMap":{"0":{"name":"(anonymous_0)","decl":{"start":{"line":23,"column":40},"end":{"line":23,"column":43}},"loc":{"start":{"line":23,"column":45},"end":{"line":128,"column":1}}},"1":{"name":"(anonymous_1)","decl":{"start":{"line":35,"column":12},"end":{"line":35,"column":15}},"loc":{"start":{"line":35,"column":17},"end":{"line":38,"column":3}}},"2":{"name":"(anonymous_2)","decl":{"start":{"line":40,"column":12},"end":{"line":40,"column":15}},"loc":{"start":{"line":40,"column":17},"end":{"line":44,"column":3}}},"3":{"name":"(anonymous_3)","decl":{"start":{"line":46,"column":21},"end":{"line":46,"column":26}},"loc":{"start":{"line":46,"column":32},"end":{"line":54,"column":3}}},"4":{"name":"(anonymous_4)","decl":{"start":{"line":56,"column":21},"end":{"line":56,"column":26}},"loc":{"start":{"line":56,"column":32},"end":{"line":60,"column":3}}},"5":{"name":"(anonymous_5)","decl":{"start":{"line":62,"column":22},"end":{"line":62,"column":25}},"loc":{"start":{"line":62,"column":27},"end":{"line":66,"column":3}}},"6":{"name":"(anonymous_6)","decl":{"start":{"line":78,"column":20},"end":{"line":78,"column":21}},"loc":{"start":{"line":78,"column":27},"end":{"line":78,"column":56}}},"7":{"name":"(anonymous_7)","decl":{"start":{"line":87,"column":20},"end":{"line":87,"column":21}},"loc":{"start":{"line":87,"column":27},"end":{"line":87,"column":57}}}},"branchMap":{"0":{"loc":{"start":{"line":31,"column":47},"end":{"line":31,"column":64}},"type":"binary-expr","locations":[{"start":{"line":31,"column":47},"end":{"line":31,"column":58}},{"start":{"line":31,"column":62},"end":{"line":31,"column":64}}]},"1":{"loc":{"start":{"line":32,"column":49},"end":{"line":32,"column":67}},"type":"binary-expr","locations":[{"start":{"line":32,"column":49},"end":{"line":32,"column":61}},{"start":{"line":32,"column":65},"end":{"line":32,"column":67}}]},"2":{"loc":{"start":{"line":42,"column":18},"end":{"line":42,"column":35}},"type":"binary-expr","locations":[{"start":{"line":42,"column":18},"end":{"line":42,"column":29}},{"start":{"line":42,"column":33},"end":{"line":42,"column":35}}]},"3":{"loc":{"start":{"line":43,"column":19},"end":{"line":43,"column":37}},"type":"binary-expr","locations":[{"start":{"line":43,"column":19},"end":{"line":43,"column":31}},{"start":{"line":43,"column":35},"end":{"line":43,"column":37}}]},"4":{"loc":{"start":{"line":47,"column":4},"end":{"line":50,"column":5}},"type":"if","locations":[{"start":{"line":47,"column":4},"end":{"line":50,"column":5}}]},"5":{"loc":{"start":{"line":47,"column":8},"end":{"line":47,"column":49}},"type":"binary-expr","locations":[{"start":{"line":47,"column":8},"end":{"line":47,"column":26}},{"start":{"line":47,"column":30},"end":{"line":47,"column":49}}]},"6":{"loc":{"start":{"line":91,"column":9},"end":{"line":94,"column":null}},"type":"binary-expr","locations":[{"start":{"line":91,"column":9},"end":{"line":91,"column":22}},{"start":{"line":92,"column":10},"end":{"line":93,"column":null}}]},"7":{"loc":{"start":{"line":92,"column":27},"end":{"line":92,"column":166}},"type":"cond-expr","locations":[{"start":{"line":92,"column":51},"end":{"line":92,"column":60}},{"start":{"line":92,"column":64},"end":{"line":92,"column":165}}]},"8":{"loc":{"start":{"line":92,"column":64},"end":{"line":92,"column":165}},"type":"cond-expr","locations":[{"start":{"line":92,"column":149},"end":{"line":92,"column":156}},{"start":{"line":92,"column":159},"end":{"line":92,"column":165}}]},"9":{"loc":{"start":{"line":92,"column":64},"end":{"line":92,"column":146}},"type":"binary-expr","locations":[{"start":{"line":92,"column":64},"end":{"line":92,"column":97}},{"start":{"line":92,"column":101},"end":{"line":92,"column":146}}]},"10":{"loc":{"start":{"line":100,"column":22},"end":{"line":100,"column":62}},"type":"binary-expr","locations":[{"start":{"line":100,"column":22},"end":{"line":100,"column":31}},{"start":{"line":100,"column":35},"end":{"line":100,"column":46}},{"start":{"line":100,"column":50},"end":{"line":100,"column":62}}]},"11":{"loc":{"start":{"line":107,"column":22},"end":{"line":107,"column":64}},"type":"binary-expr","locations":[{"start":{"line":107,"column":22},"end":{"line":107,"column":31}},{"start":{"line":107,"column":35},"end":{"line":107,"column":47}},{"start":{"line":107,"column":51},"end":{"line":107,"column":64}}]},"12":{"loc":{"start":{"line":119,"column":11},"end":{"line":119,"column":69}},"type":"binary-expr","locations":[{"start":{"line":119,"column":11},"end":{"line":119,"column":20}},{"start":{"line":119,"column":24},"end":{"line":119,"column":69}}]},"13":{"loc":{"start":{"line":121,"column":9},"end":{"line":122,"column":null}},"type":"binary-expr","locations":[{"start":{"line":121,"column":9},"end":{"line":121,"column":30}},{"start":{"line":122,"column":10},"end":{"line":122,"column":93}}]}},"s":{"0":1,"1":1,"2":1,"3":1,"4":1,"5":1,"6":1,"7":1,"8":1,"9":1,"10":1,"11":3,"12":3,"13":3,"14":3,"15":3,"16":3,"17":3,"18":3,"19":3,"20":1,"21":3,"22":1,"23":1,"24":3,"25":0,"26":0,"27":0,"28":0,"29":0,"30":0,"31":3,"32":0,"33":0,"34":0,"35":3,"36":0,"37":0,"38":0,"39":3,"40":0,"41":0,"42":1},"f":{"0":3,"1":1,"2":1,"3":0,"4":0,"5":0,"6":0,"7":0},"b":{"0":[3,3],"1":[3,3],"2":[1,1],"3":[1,1],"4":[0],"5":[0,0],"6":[3,2],"7":[0,2],"8":[0,2],"9":[2,2],"10":[3,3,0],"11":[3,3,0],"12":[3,0],"13":[3,0]}}
,"/mnt/d/git/suu/SwitchBotController/src/renderer/src/store/slices/settingsSlice.ts": {"path":"/mnt/d/git/suu/SwitchBotController/src/renderer/src/store/slices/settingsSlice.ts","statementMap":{"0":{"start":{"line":2,"column":0},"end":{"line":2,"column":80}},"1":{"start":{"line":4,"column":0},"end":{"line":4,"column":57}},"2":{"start":{"line":16,"column":36},"end":{"line":24,"column":2}},"3":{"start":{"line":27,"column":13},"end":{"line":45,"column":2}},"4":{"start":{"line":30,"column":4},"end":{"line":43,"column":5}},"5":{"start":{"line":31,"column":20},"end":{"line":31,"column":62}},"6":{"start":{"line":32,"column":21},"end":{"line":32,"column":64}},"7":{"start":{"line":33,"column":6},"end":{"line":38,"column":7}},"8":{"start":{"line":34,"column":8},"end":{"line":34,"column":55}},"9":{"start":{"line":37,"column":8},"end":{"line":37,"column":33}},"10":{"start":{"line":39,"column":6},"end":{"line":39,"column":18}},"11":{"start":{"line":41,"column":6},"end":{"line":41,"column":73}},"12":{"start":{"line":42,"column":6},"end":{"line":42,"column":18}},"13":{"start":{"line":48,"column":13},"end":{"line":65,"column":2}},"14":{"start":{"line":51,"column":4},"end":{"line":63,"column":5}},"15":{"start":{"line":52,"column":6},"end":{"line":52,"column":64}},"16":{"start":{"line":53,"column":6},"end":{"line":53,"column":66}},"17":{"start":{"line":54,"column":6},"end":{"line":54,"column":43}},"18":{"start":{"line":56,"column":6},"end":{"line":56,"column":41}},"19":{"start":{"line":57,"column":6},"end":{"line":57,"column":77}},"20":{"start":{"line":58,"column":6},"end":{"line":58,"column":21}},"21":{"start":{"line":60,"column":6},"end":{"line":60,"column":62}},"22":{"start":{"line":61,"column":6},"end":{"line":61,"column":83}},"23":{"start":{"line":62,"column":6},"end":{"line":62,"column":18}},"24":{"start":{"line":68,"column":13},"end":{"line":94,"column":2}},"25":{"start":{"line":71,"column":25},"end":{"line":71,"column":48}},"26":{"start":{"line":72,"column":4},"end":{"line":76,"column":5}},"27":{"start":{"line":73,"column":6},"end":{"line":73,"column":41}},"28":{"start":{"line":74,"column":6},"end":{"line":74,"column":74}},"29":{"start":{"line":75,"column":6},"end":{"line":75,"column":78}},"30":{"start":{"line":78,"column":4},"end":{"line":78,"column":61}},"31":{"start":{"line":79,"column":4},"end":{"line":79,"column":71}},"32":{"start":{"line":81,"column":4},"end":{"line":92,"column":5}},"33":{"start":{"line":83,"column":6},"end":{"line":83,"column":38}},"34":{"start":{"line":84,"column":6},"end":{"line":84,"column":40}},"35":{"start":{"line":85,"column":6},"end":{"line":85,"column":76}},"36":{"start":{"line":86,"column":6},"end":{"line":86,"column":79}},"37":{"start":{"line":88,"column":6},"end":{"line":88,"column":58}},"38":{"start":{"line":89,"column":6},"end":{"line":89,"column":41}},"39":{"start":{"line":90,"column":6},"end":{"line":90,"column":76}},"40":{"start":{"line":91,"column":6},"end":{"line":91,"column":79}},"41":{"start":{"line":97,"column":13},"end":{"line":154,"column":3}},"42":{"start":{"line":105,"column":6},"end":{"line":105,"column":44}},"43":{"start":{"line":106,"column":6},"end":{"line":106,"column":46}},"44":{"start":{"line":111,"column":6},"end":{"line":111,"column":28}},"45":{"start":{"line":112,"column":6},"end":{"line":112,"column":29}},"46":{"start":{"line":113,"column":6},"end":{"line":113,"column":37}},"47":{"start":{"line":114,"column":6},"end":{"line":114,"column":37}},"48":{"start":{"line":116,"column":6},"end":{"line":116,"column":46}},"49":{"start":{"line":117,"column":6},"end":{"line":117,"column":47}},"50":{"start":{"line":120,"column":6},"end":{"line":120,"column":46}},"51":{"start":{"line":123,"column":6},"end":{"line":123,"column":47}},"52":{"start":{"line":126,"column":6},"end":{"line":126,"column":52}},"53":{"start":{"line":127,"column":6},"end":{"line":127,"column":73}},"54":{"start":{"line":130,"column":6},"end":{"line":130,"column":35}},"55":{"start":{"line":131,"column":6},"end":{"line":131,"column":56}},"56":{"start":{"line":136,"column":4},"end":{"line":152,"column":9}},"57":{"start":{"line":138,"column":8},"end":{"line":142,"column":9}},"58":{"start":{"line":141,"column":10},"end":{"line":141,"column":73}},"59":{"start":{"line":145,"column":8},"end":{"line":145,"column":75}},"60":{"start":{"line":151,"column":8},"end":{"line":151,"column":39}},"61":{"start":{"line":156,"column":13},"end":{"line":162,"column":null}},"62":{"start":{"line":165,"column":30},"end":{"line":165,"column":75}},"63":{"start":{"line":165,"column":52},"end":{"line":165,"column":75}},"64":{"start":{"line":165,"column":13},"end":{"line":165,"column":30}},"65":{"start":{"line":166,"column":31},"end":{"line":166,"column":77}},"66":{"start":{"line":166,"column":53},"end":{"line":166,"column":77}},"67":{"start":{"line":166,"column":13},"end":{"line":166,"column":31}},"68":{"start":{"line":167,"column":38},"end":{"line":167,"column":91}},"69":{"start":{"line":167,"column":60},"end":{"line":167,"column":91}},"70":{"start":{"line":167,"column":13},"end":{"line":167,"column":38}},"71":{"start":{"line":168,"column":39},"end":{"line":168,"column":93}},"72":{"start":{"line":168,"column":61},"end":{"line":168,"column":93}},"73":{"start":{"line":168,"column":13},"end":{"line":168,"column":39}},"74":{"start":{"line":169,"column":37},"end":{"line":169,"column":96}},"75":{"start":{"line":169,"column":59},"end":{"line":169,"column":96}},"76":{"start":{"line":169,"column":13},"end":{"line":169,"column":37}},"77":{"start":{"line":170,"column":27},"end":{"line":170,"column":69}},"78":{"start":{"line":170,"column":49},"end":{"line":170,"column":69}},"79":{"start":{"line":170,"column":13},"end":{"line":170,"column":27}},"80":{"start":{"line":172,"column":0},"end":{"line":172,"column":37}}},"fnMap":{"0":{"name":"(anonymous_0)","decl":{"start":{"line":29,"column":2},"end":{"line":29,"column":7}},"loc":{"start":{"line":29,"column":28},"end":{"line":44,"column":3}}},"1":{"name":"(anonymous_1)","decl":{"start":{"line":50,"column":2},"end":{"line":50,"column":7}},"loc":{"start":{"line":50,"column":69},"end":{"line":64,"column":3}}},"2":{"name":"(anonymous_2)","decl":{"start":{"line":70,"column":2},"end":{"line":70,"column":7}},"loc":{"start":{"line":70,"column":38},"end":{"line":93,"column":3}}},"3":{"name":"(anonymous_3)","decl":{"start":{"line":101,"column":23},"end":{"line":101,"column":null}},"loc":{"start":{"line":104,"column":8},"end":{"line":109,"column":5}}},"4":{"name":"(anonymous_4)","decl":{"start":{"line":110,"column":25},"end":{"line":110,"column":26}},"loc":{"start":{"line":110,"column":35},"end":{"line":118,"column":5}}},"5":{"name":"(anonymous_5)","decl":{"start":{"line":119,"column":23},"end":{"line":119,"column":24}},"loc":{"start":{"line":119,"column":65},"end":{"line":121,"column":5}}},"6":{"name":"(anonymous_6)","decl":{"start":{"line":122,"column":26},"end":{"line":122,"column":27}},"loc":{"start":{"line":122,"column":74},"end":{"line":124,"column":5}}},"7":{"name":"(anonymous_7)","decl":{"start":{"line":125,"column":24},"end":{"line":125,"column":25}},"loc":{"start":{"line":125,"column":65},"end":{"line":128,"column":5}}},"8":{"name":"(anonymous_8)","decl":{"start":{"line":129,"column":14},"end":{"line":129,"column":15}},"loc":{"start":{"line":129,"column":65},"end":{"line":132,"column":5}}},"9":{"name":"(anonymous_9)","decl":{"start":{"line":135,"column":17},"end":{"line":135,"column":18}},"loc":{"start":{"line":135,"column":29},"end":{"line":153,"column":3}}},"10":{"name":"(anonymous_10)","decl":{"start":{"line":137,"column":45},"end":{"line":137,"column":46}},"loc":{"start":{"line":137,"column":63},"end":{"line":143,"column":7}}},"11":{"name":"(anonymous_11)","decl":{"start":{"line":144,"column":44},"end":{"line":144,"column":45}},"loc":{"start":{"line":144,"column":54},"end":{"line":146,"column":7}}},"12":{"name":"(anonymous_12)","decl":{"start":{"line":147,"column":44},"end":{"line":147,"column":45}},"loc":{"start":{"line":147,"column":62},"end":{"line":149,"column":7}}},"13":{"name":"(anonymous_13)","decl":{"start":{"line":150,"column":43},"end":{"line":150,"column":44}},"loc":{"start":{"line":150,"column":53},"end":{"line":152,"column":7}}},"14":{"name":"(anonymous_14)","decl":{"start":{"line":165,"column":30},"end":{"line":165,"column":31}},"loc":{"start":{"line":165,"column":52},"end":{"line":165,"column":75}}},"15":{"name":"(anonymous_15)","decl":{"start":{"line":166,"column":31},"end":{"line":166,"column":32}},"loc":{"start":{"line":166,"column":53},"end":{"line":166,"column":77}}},"16":{"name":"(anonymous_16)","decl":{"start":{"line":167,"column":38},"end":{"line":167,"column":39}},"loc":{"start":{"line":167,"column":60},"end":{"line":167,"column":91}}},"17":{"name":"(anonymous_17)","decl":{"start":{"line":168,"column":39},"end":{"line":168,"column":40}},"loc":{"start":{"line":168,"column":61},"end":{"line":168,"column":93}}},"18":{"name":"(anonymous_18)","decl":{"start":{"line":169,"column":37},"end":{"line":169,"column":38}},"loc":{"start":{"line":169,"column":59},"end":{"line":169,"column":96}}},"19":{"name":"(anonymous_19)","decl":{"start":{"line":170,"column":27},"end":{"line":170,"column":28}},"loc":{"start":{"line":170,"column":49},"end":{"line":170,"column":69}}}},"branchMap":{"0":{"loc":{"start":{"line":33,"column":6},"end":{"line":38,"column":7}},"type":"if","locations":[{"start":{"line":33,"column":6},"end":{"line":38,"column":7}}]},"1":{"loc":{"start":{"line":33,"column":10},"end":{"line":33,"column":25}},"type":"binary-expr","locations":[{"start":{"line":33,"column":10},"end":{"line":33,"column":15}},{"start":{"line":33,"column":19},"end":{"line":33,"column":25}}]},"2":{"loc":{"start":{"line":72,"column":4},"end":{"line":76,"column":5}},"type":"if","locations":[{"start":{"line":72,"column":4},"end":{"line":76,"column":5}}]},"3":{"loc":{"start":{"line":72,"column":8},"end":{"line":72,"column":49}},"type":"binary-expr","locations":[{"start":{"line":72,"column":8},"end":{"line":72,"column":26}},{"start":{"line":72,"column":30},"end":{"line":72,"column":49}}]},"4":{"loc":{"start":{"line":91,"column":40},"end":{"line":91,"column":76}},"type":"binary-expr","locations":[{"start":{"line":91,"column":40},"end":{"line":91,"column":53}},{"start":{"line":91,"column":57},"end":{"line":91,"column":76}}]},"5":{"loc":{"start":{"line":138,"column":8},"end":{"line":142,"column":9}},"type":"if","locations":[{"start":{"line":138,"column":8},"end":{"line":142,"column":9}},{"start":{"line":140,"column":15},"end":{"line":142,"column":9}}]}},"s":{"0":2,"1":2,"2":2,"3":2,"4":1,"5":1,"6":1,"7":1,"8":0,"9":0,"10":1,"11":0,"12":0,"13":2,"14":0,"15":0,"16":0,"17":0,"18":0,"19":0,"20":0,"21":0,"22":0,"23":0,"24":2,"25":0,"26":0,"27":0,"28":0,"29":0,"30":0,"31":0,"32":0,"33":0,"34":0,"35":0,"36":0,"37":0,"38":0,"39":0,"40":0,"41":2,"42":1,"43":1,"44":1,"45":1,"46":1,"47":1,"48":1,"49":1,"50":0,"51":0,"52":0,"53":0,"54":1,"55":1,"56":2,"57":1,"58":1,"59":0,"60":0,"61":2,"62":2,"63":3,"64":2,"65":2,"66":3,"67":2,"68":2,"69":3,"70":2,"71":2,"72":3,"73":2,"74":2,"75":0,"76":2,"77":2,"78":0,"79":2,"80":2},"f":{"0":1,"1":0,"2":0,"3":1,"4":1,"5":0,"6":0,"7":0,"8":1,"9":2,"10":1,"11":0,"12":0,"13":0,"14":3,"15":3,"16":3,"17":3,"18":0,"19":0},"b":{"0":[0],"1":[1,0],"2":[0],"3":[0,0],"4":[0,0],"5":[0,1]}}
}
