TN:
SF:src/api/apiClient.ts
FN:29,(anonymous_0)
FN:34,(anonymous_1)
FN:39,(anonymous_2)
FN:43,(anonymous_3)
FN:67,(anonymous_4)
FN:91,(anonymous_5)
FN:118,(anonymous_6)
FNF:7
FNH:1
FNDA:2,(anonymous_0)
FNDA:0,(anonymous_1)
FNDA:0,(anonymous_2)
FNDA:0,(anonymous_3)
FNDA:0,(anonymous_4)
FNDA:0,(anonymous_5)
FNDA:0,(anonymous_6)
DA:25,2
DA:26,2
DA:27,2
DA:35,0
DA:36,0
DA:40,0
DA:44,0
DA:45,0
DA:48,0
DA:50,0
DA:52,0
DA:53,0
DA:56,0
DA:57,0
DA:59,0
DA:62,0
DA:63,0
DA:68,0
DA:69,0
DA:72,0
DA:74,0
DA:76,0
DA:77,0
DA:80,0
DA:81,0
DA:83,0
DA:86,0
DA:87,0
DA:92,0
DA:93,0
DA:96,0
DA:98,0
DA:100,0
DA:101,0
DA:105,0
DA:106,0
DA:108,0
DA:111,0
DA:112,0
DA:119,0
DA:120,0
DA:124,2
LF:42
LH:4
BRDA:40,0,0,0
BRDA:40,0,1,0
BRDA:44,1,0,0
BRDA:52,2,0,0
BRDA:53,3,0,0
BRDA:53,3,1,0
BRDA:56,4,0,0
BRDA:56,4,1,0
BRDA:63,5,0,0
BRDA:63,5,1,0
BRDA:68,6,0,0
BRDA:76,7,0,0
BRDA:77,8,0,0
BRDA:77,8,1,0
BRDA:80,9,0,0
BRDA:80,9,1,0
BRDA:87,10,0,0
BRDA:87,10,1,0
BRDA:91,11,0,0
BRDA:92,12,0,0
BRDA:100,13,0,0
BRDA:101,14,0,0
BRDA:101,14,1,0
BRDA:105,15,0,0
BRDA:105,15,1,0
BRDA:112,16,0,0
BRDA:112,16,1,0
BRDA:120,17,0,0
BRDA:120,17,1,0
BRF:29
BRH:0
end_of_record
TN:
SF:src/renderer/src/components/SettingsScreen.tsx
FN:23,(anonymous_0)
FN:35,(anonymous_1)
FN:40,(anonymous_2)
FN:46,(anonymous_3)
FN:56,(anonymous_4)
FN:62,(anonymous_5)
FN:78,(anonymous_6)
FN:87,(anonymous_7)
FNF:8
FNH:3
FNDA:3,(anonymous_0)
FNDA:1,(anonymous_1)
FNDA:1,(anonymous_2)
FNDA:0,(anonymous_3)
FNDA:0,(anonymous_4)
FNDA:0,(anonymous_5)
FNDA:0,(anonymous_6)
FNDA:0,(anonymous_7)
DA:1,1
DA:2,1
DA:3,1
DA:4,1
DA:5,1
DA:6,1
DA:7,1
DA:8,1
DA:9,1
DA:12,1
DA:23,1
DA:24,3
DA:26,3
DA:27,3
DA:28,3
DA:29,3
DA:31,3
DA:32,3
DA:33,3
DA:35,3
DA:37,1
DA:40,3
DA:42,1
DA:43,1
DA:46,3
DA:47,0
DA:48,0
DA:49,0
DA:51,0
DA:52,0
DA:53,0
DA:56,3
DA:57,0
DA:58,0
DA:59,0
DA:62,3
DA:63,0
DA:64,0
DA:65,0
DA:68,3
DA:78,0
DA:87,0
LF:42
LH:28
BRDA:31,0,0,3
BRDA:31,0,1,3
BRDA:32,1,0,3
BRDA:32,1,1,3
BRDA:42,2,0,1
BRDA:42,2,1,1
BRDA:43,3,0,1
BRDA:43,3,1,1
BRDA:47,4,0,0
BRDA:47,5,0,0
BRDA:47,5,1,0
BRDA:91,6,0,3
BRDA:91,6,1,2
BRDA:92,7,0,0
BRDA:92,7,1,2
BRDA:92,8,0,0
BRDA:92,8,1,2
BRDA:92,9,0,2
BRDA:92,9,1,2
BRDA:100,10,0,3
BRDA:100,10,1,3
BRDA:100,10,2,0
BRDA:107,11,0,3
BRDA:107,11,1,3
BRDA:107,11,2,0
BRDA:119,12,0,3
BRDA:119,12,1,0
BRDA:121,13,0,3
BRDA:121,13,1,0
BRF:29
BRH:20
end_of_record
TN:
SF:src/renderer/src/store/slices/settingsSlice.ts
FN:29,(anonymous_0)
FN:50,(anonymous_1)
FN:70,(anonymous_2)
FN:101,(anonymous_3)
FN:110,(anonymous_4)
FN:119,(anonymous_5)
FN:122,(anonymous_6)
FN:125,(anonymous_7)
FN:129,(anonymous_8)
FN:135,(anonymous_9)
FN:137,(anonymous_10)
FN:144,(anonymous_11)
FN:147,(anonymous_12)
FN:150,(anonymous_13)
FN:165,(anonymous_14)
FN:166,(anonymous_15)
FN:167,(anonymous_16)
FN:168,(anonymous_17)
FN:169,(anonymous_18)
FN:170,(anonymous_19)
FNF:20
FNH:10
FNDA:1,(anonymous_0)
FNDA:0,(anonymous_1)
FNDA:0,(anonymous_2)
FNDA:1,(anonymous_3)
FNDA:1,(anonymous_4)
FNDA:0,(anonymous_5)
FNDA:0,(anonymous_6)
FNDA:0,(anonymous_7)
FNDA:1,(anonymous_8)
FNDA:2,(anonymous_9)
FNDA:1,(anonymous_10)
FNDA:0,(anonymous_11)
FNDA:0,(anonymous_12)
FNDA:0,(anonymous_13)
FNDA:3,(anonymous_14)
FNDA:3,(anonymous_15)
FNDA:3,(anonymous_16)
FNDA:3,(anonymous_17)
FNDA:0,(anonymous_18)
FNDA:0,(anonymous_19)
DA:2,2
DA:4,2
DA:16,2
DA:27,2
DA:30,1
DA:31,1
DA:32,1
DA:33,1
DA:34,0
DA:37,0
DA:39,1
DA:41,0
DA:42,0
DA:48,2
DA:51,0
DA:52,0
DA:53,0
DA:54,0
DA:56,0
DA:57,0
DA:58,0
DA:60,0
DA:61,0
DA:62,0
DA:68,2
DA:71,0
DA:72,0
DA:73,0
DA:74,0
DA:75,0
DA:78,0
DA:79,0
DA:81,0
DA:83,0
DA:84,0
DA:85,0
DA:86,0
DA:88,0
DA:89,0
DA:90,0
DA:91,0
DA:97,2
DA:105,1
DA:106,1
DA:111,1
DA:112,1
DA:113,1
DA:114,1
DA:116,1
DA:117,1
DA:120,0
DA:123,0
DA:126,0
DA:127,0
DA:130,1
DA:131,1
DA:136,2
DA:138,1
DA:141,1
DA:145,0
DA:151,0
DA:156,2
DA:165,3
DA:166,3
DA:167,3
DA:168,3
DA:169,2
DA:170,2
DA:172,2
LF:69
LH:33
BRDA:33,0,0,0
BRDA:33,1,0,1
BRDA:33,1,1,0
BRDA:72,2,0,0
BRDA:72,3,0,0
BRDA:72,3,1,0
BRDA:91,4,0,0
BRDA:91,4,1,0
BRDA:138,5,0,0
BRDA:138,5,1,1
BRF:10
BRH:2
end_of_record
